<?xml version="1.0" encoding="UTF-8"?>
<!-- Generated by org.testng.reporters.JUnitReportReporter -->
<testsuite skipped="0" hostname="LAPTOP-DVLM8C7C" name="co.edureka.qa.testcases.LoginPageTest" tests="1" failures="0" timestamp="06 Feb 2019 07:01:02 GMT" time="14.280" errors="0">
  <testcase name="loginPageTitleTest" time="14.280" classname="co.edureka.qa.testcases.LoginPageTest"/>
</testsuite> <!-- co.edureka.qa.testcases.LoginPageTest -->
