<?xml version="1.0" encoding="UTF-8"?>
<!-- Generated by org.testng.reporters.JUnitReportReporter -->
<testsuite skipped="0" hostname="LAPTOP-DVLM8C7C" name="co.edureka.qa.testcases.LoginPageTest" tests="3" failures="0" timestamp="09 Feb 2019 01:13:09 GMT" time="39.026" errors="0">
  <testcase name="loginPageTitleTest" time="12.737" classname="co.edureka.qa.testcases.LoginPageTest"/>
  <testcase name="loginIconTest" time="11.128" classname="co.edureka.qa.testcases.LoginPageTest"/>
  <testcase name="loginTest" time="15.161" classname="co.edureka.qa.testcases.LoginPageTest"/>
</testsuite> <!-- co.edureka.qa.testcases.LoginPageTest -->
