<?xml version="1.0" encoding="UTF-8"?>
<!-- Generated by org.testng.reporters.JUnitReportReporter -->
<testsuite skipped="1" hostname="LAPTOP-DVLM8C7C" name="co.edureka.qa.testcases.HomePageTest" tests="7" failures="0" timestamp="09 Feb 2019 01:13:09 GMT" time="230.970" errors="0">
  <testcase name="verifyHomePageTitleTest" time="16.035" classname="co.edureka.qa.testcases.HomePageTest"/>
  <testcase name="verifyUserNameTest" time="15.837" classname="co.edureka.qa.testcases.HomePageTest"/>
  <testcase name="viewAllCoursesAvailable" time="78.538" classname="co.edureka.qa.testcases.HomePageTest">
    <skipped/>
  </testcase> <!-- viewAllCoursesAvailable -->
  <testcase name="viewAllCoursesAvailable" time="41.641" classname="co.edureka.qa.testcases.HomePageTest"/>
  <testcase name="verifyMyEnrolledCourses" time="25.833" classname="co.edureka.qa.testcases.HomePageTest"/>
  <testcase name="myProfileUpdate" time="33.376" classname="co.edureka.qa.testcases.HomePageTest"/>
  <testcase name="logout" time="19.710" classname="co.edureka.qa.testcases.HomePageTest"/>
</testsuite> <!-- co.edureka.qa.testcases.HomePageTest -->
